生成启动时间为 2012/6/7 13:20:34。
     1>项目“D:\Win7库\Documents\我的作业\网络游戏制作\MOEServer\MOEServer\MOEServer.vcxproj”在节点 4 上(rebuild 个目标)。
     1>_PrepareForClean:
         正在删除文件“Debug\MOEServer.lastbuildstate”。
       InitializeBuildStatus:
         正在创建“Debug\MOEServer.unsuccessfulbuild”，因为已指定“AlwaysCreate”。
       ClCompile:
         D:\Program Files (x86)\Microsoft Visual Studio 10.0\VC\bin\CL.exe /c /ZI /nologo /W3 /WX- /Od /Oy- /D _MBCS /Gm /EHsc /RTC1 /MDd /GS /fp:precise /Zc:wchar_t /Zc:forScope /Fo"Debug\\" /Fd"Debug\vc100.pdb" /Gd /TP /analyze- /errorReport:prompt MOEServer.cpp
         MOEServer.cpp
     1>d:\win7库\documents\我的作业\网络游戏制作\moeserver\moeserver\getmoeserver.h(20): warning C4101: “i”: 未引用的局部变量
       Link:
         D:\Program Files (x86)\Microsoft Visual Studio 10.0\VC\bin\link.exe /ERRORREPORT:PROMPT /OUT:"D:\Win7库\Documents\我的作业\网络游戏制作\MOEServer\Debug\MOEServer.exe" /NOLOGO kernel32.lib user32.lib gdi32.lib winspool.lib comdlg32.lib advapi32.lib shell32.lib ole32.lib oleaut32.lib uuid.lib odbc32.lib odbccp32.lib /MANIFEST /ManifestFile:"Debug\MOEServer.exe.intermediate.manifest" /MANIFESTUAC:"level='asInvoker' uiAccess='false'" /DEBUG /PDB:"D:\Win7库\Documents\我的作业\网络游戏制作\MOEServer\Debug\MOEServer.pdb" /TLBID:1 /DYNAMICBASE /NXCOMPAT /IMPLIB:"D:\Win7库\Documents\我的作业\网络游戏制作\MOEServer\Debug\MOEServer.lib" /MACHINE:X86 Debug\MOEServer.obj
         MOEServer.vcxproj -> D:\Win7库\Documents\我的作业\网络游戏制作\MOEServer\Debug\MOEServer.exe
       Manifest:
         C:\Program Files (x86)\Microsoft SDKs\Windows\v7.0A\bin\mt.exe /nologo /verbose /outputresource:"D:\Win7库\Documents\我的作业\网络游戏制作\MOEServer\Debug\MOEServer.exe;#1" /manifest Debug\MOEServer.exe.intermediate.manifest
       FinalizeBuildStatus:
         正在删除文件“Debug\MOEServer.unsuccessfulbuild”。
         正在对“Debug\MOEServer.lastbuildstate”执行 Touch 任务。
     1>已完成生成项目“D:\Win7库\Documents\我的作业\网络游戏制作\MOEServer\MOEServer\MOEServer.vcxproj”(rebuild 个目标)的操作。

生成成功。

已用时间 00:00:02.10
